<?xml version="1.0" encoding="UTF-8"?>
<testsuite xmlns:xsi="http://www.w3.org/2001/XMLSchema-instance" xsi:noNamespaceSchemaLocation="https://maven.apache.org/surefire/maven-surefire-plugin/xsd/surefire-test-report-3.0.xsd" version="3.0" name="com.TicTacToe.TicTacToeSpring.TicTacToeSpringApplicationTests" time="6.091" tests="1" errors="0" skipped="0" failures="0">
  <properties>
[...]
</properties>
  <testcase name="contextLoads" classname="com.TicTacToe.TicTacToeSpring.TicTacToeSpringApplicationTests" time="0.593">
    <system-out><![CDATA[12:12:41.307 [main] INFO org.springframework.test.context.support.AnnotationConfigContextLoaderUtils -- Could not detect default configuration classes for test class [com.TicTacToe.TicTacToeSpring.TicTacToeSpringApplicationTests]: TicTacToeSpringApplicationTests does not declare any static, non-private, non-final, nested classes annotated with @Configuration.
12:12:41.446 [main] INFO org.springframework.boot.test.context.SpringBootTestContextBootstrapper -- Found @SpringBootConfiguration com.TicTacToe.TicTacToeSpring.TicTacToeSpringApplication for test class com.TicTacToe.TicTacToeSpring.TicTacToeSpringApplicationTests

  .   ____          _            __ _ _
 /\\ / ___'_ __ _ _(_)_ __  __ _ \ \ \ \
( ( )\___ | '_ | '_| | '_ \/ _` | \ \ \ \
 \\/  ___)| |_)| | | | | || (_| |  ) ) ) )
  '  |____| .__|_| |_|_| |_\__, | / / / /
 =========|_|==============|___/=/_/_/_/

 :: Spring Boot ::                (v3.3.2)

2024-10-16T12:12:41.991-03:00  INFO 12276 --- [TicTacToeSpring] [           main] c.T.T.TicTacToeSpringApplicationTests    : Starting TicTacToeSpringApplicationTests using Java 21.0.3 with PID 12276 (started by Elton Costa Oliveira in C:\Users\eltin\OneDrive\Documentos\workspaces\ws-sts\TicTacToeSpring)
2024-10-16T12:12:41.992-03:00  INFO 12276 --- [TicTacToeSpring] [           main] c.T.T.TicTacToeSpringApplicationTests    : No active profile set, falling back to 1 default profile: "default"
2024-10-16T12:12:42.834-03:00  INFO 12276 --- [TicTacToeSpring] [           main] .s.d.r.c.RepositoryConfigurationDelegate : Bootstrapping Spring Data JPA repositories in DEFAULT mode.
2024-10-16T12:12:42.915-03:00  INFO 12276 --- [TicTacToeSpring] [           main] .s.d.r.c.RepositoryConfigurationDelegate : Finished Spring Data repository scanning in 69 ms. Found 2 JPA repository interfaces.
2024-10-16T12:12:43.450-03:00  INFO 12276 --- [TicTacToeSpring] [           main] com.zaxxer.hikari.HikariDataSource       : HikariPool-1 - Starting...
2024-10-16T12:12:43.706-03:00  INFO 12276 --- [TicTacToeSpring] [           main] com.zaxxer.hikari.pool.HikariPool        : HikariPool-1 - Added connection conn0: url=jdbc:h2:mem:testdb user=SA
2024-10-16T12:12:43.708-03:00  INFO 12276 --- [TicTacToeSpring] [           main] com.zaxxer.hikari.HikariDataSource       : HikariPool-1 - Start completed.
2024-10-16T12:12:43.783-03:00  INFO 12276 --- [TicTacToeSpring] [           main] o.hibernate.jpa.internal.util.LogHelper  : HHH000204: Processing PersistenceUnitInfo [name: default]
2024-10-16T12:12:43.884-03:00  INFO 12276 --- [TicTacToeSpring] [           main] org.hibernate.Version                    : HHH000412: Hibernate ORM core version 6.5.2.Final
2024-10-16T12:12:43.951-03:00  INFO 12276 --- [TicTacToeSpring] [           main] o.h.c.internal.RegionFactoryInitiator    : HHH000026: Second-level cache disabled
2024-10-16T12:12:44.440-03:00  INFO 12276 --- [TicTacToeSpring] [           main] o.s.o.j.p.SpringPersistenceUnitInfo      : No LoadTimeWeaver setup: ignoring JPA class transformer
2024-10-16T12:12:44.512-03:00  WARN 12276 --- [TicTacToeSpring] [           main] org.hibernate.orm.deprecation            : HHH90000025: H2Dialect does not need to be specified explicitly using 'hibernate.dialect' (remove the property setting and it will be selected by default)
2024-10-16T12:12:45.459-03:00  INFO 12276 --- [TicTacToeSpring] [           main] o.h.e.t.j.p.i.JtaPlatformInitiator       : HHH000489: No JTA platform available (set 'hibernate.transaction.jta.platform' to enable JTA platform integration)
Hibernate: 
    drop table if exists tb_match cascade 
Hibernate: 
    drop table if exists tb_tictactoe cascade 
Hibernate: 
    create table tb_match (
        draws integer,
        o_victories integer,
        rounds_played integer,
        x_victories integer,
        id bigint generated by default as identity,
        tic_tac_toe_id bigint unique,
        primary key (id)
    )
Hibernate: 
    create table tb_tictactoe (
        is_running boolean,
        id bigint generated by default as identity,
        first_line varchar(255),
        round_winner varchar(255),
        second_line varchar(255),
        third_line varchar(255),
        primary key (id)
    )
Hibernate: 
    alter table if exists tb_match 
       add constraint FK1qj6i14nwk0iwgvqe0jyw93jk 
       foreign key (tic_tac_toe_id) 
       references tb_tictactoe
2024-10-16T12:12:45.520-03:00  INFO 12276 --- [TicTacToeSpring] [           main] j.LocalContainerEntityManagerFactoryBean : Initialized JPA EntityManagerFactory for persistence unit 'default'
2024-10-16T12:12:45.990-03:00  WARN 12276 --- [TicTacToeSpring] [           main] JpaBaseConfiguration$JpaWebConfiguration : spring.jpa.open-in-view is enabled by default. Therefore, database queries may be performed during view rendering. Explicitly configure spring.jpa.open-in-view to disable this warning
2024-10-16T12:12:46.467-03:00  INFO 12276 --- [TicTacToeSpring] [           main] o.s.b.a.h2.H2ConsoleAutoConfiguration    : H2 console available at '/h2-console'. Database available at 'jdbc:h2:mem:testdb'
2024-10-16T12:12:46.540-03:00  INFO 12276 --- [TicTacToeSpring] [           main] c.T.T.TicTacToeSpringApplicationTests    : Started TicTacToeSpringApplicationTests in 4.897 seconds (process running for 6.131)
]]></system-out>
    <system-err><![CDATA[WARNING: A Java agent has been loaded dynamically (C:\Users\eltin\.m2\repository\net\bytebuddy\byte-buddy-agent\1.14.18\byte-buddy-agent-1.14.18.jar)
WARNING: If a serviceability tool is in use, please run with -XX:+EnableDynamicAgentLoading to hide this warning
WARNING: If a serviceability tool is not in use, please run with -Djdk.instrument.traceUsage for more information
WARNING: Dynamic loading of agents will be disallowed by default in a future release
]]></system-err>
  </testcase>
</testsuite>